This file contains any messages produced by compilers while
running configure, to aid debugging if configure makes a mistake.

It was created by GNU nano configure 2.4.2, which was
generated by GNU Autoconf 2.69.  Invocation command line was

  $ ./configure 

## --------- ##
## Platform. ##
## --------- ##

hostname = paragverma-HP-Pavilion-Notebook
uname -m = x86_64
uname -r = 4.1.5-040105-generic
uname -s = Linux
uname -v = #201508101730 SMP Mon Aug 10 21:31:55 UTC 2015

/usr/bin/uname -p = unknown
/bin/uname -X     = unknown

/bin/arch              = unknown
/usr/bin/arch -k       = unknown
/usr/convex/getsysinfo = unknown
/usr/bin/hostinfo      = unknown
/bin/machine           = unknown
/usr/bin/oslevel       = unknown
/bin/universe          = unknown

PATH: /usr/local/sbin
PATH: /usr/local/bin
PATH: /usr/sbin
PATH: /usr/bin
PATH: /sbin
PATH: /bin
PATH: /usr/games
PATH: /usr/local/games


## ----------- ##
## Core tests. ##
## ----------- ##

configure:2317: checking build system type
configure:2331: result: x86_64-unknown-linux-gnu
configure:2351: checking host system type
configure:2364: result: x86_64-unknown-linux-gnu
configure:2400: checking for a BSD-compatible install
configure:2468: result: /usr/bin/install -c
configure:2479: checking whether build environment is sane
configure:2534: result: yes
configure:2685: checking for a thread-safe mkdir -p
configure:2724: result: /bin/mkdir -p
configure:2731: checking for gawk
configure:2747: found /usr/bin/gawk
configure:2758: result: gawk
configure:2769: checking whether make sets $(MAKE)
configure:2791: result: yes
configure:2820: checking whether make supports nested variables
configure:2837: result: yes
configure:2981: checking for style of include used by make
configure:3009: result: GNU
configure:3080: checking for gcc
configure:3096: found /usr/bin/gcc
configure:3107: result: gcc
configure:3336: checking for C compiler version
configure:3345: gcc --version >&5
gcc (Ubuntu 4.9.2-10ubuntu13) 4.9.2
Copyright (C) 2014 Free Software Foundation, Inc.
This is free software; see the source for copying conditions.  There is NO
warranty; not even for MERCHANTABILITY or FITNESS FOR A PARTICULAR PURPOSE.

configure:3356: $? = 0
configure:3345: gcc -v >&5
Using built-in specs.
COLLECT_GCC=gcc
COLLECT_LTO_WRAPPER=/usr/lib/gcc/x86_64-linux-gnu/4.9/lto-wrapper
Target: x86_64-linux-gnu
Configured with: ../src/configure -v --with-pkgversion='Ubuntu 4.9.2-10ubuntu13' --with-bugurl=file:///usr/share/doc/gcc-4.9/README.Bugs --enable-languages=c,c++,java,go,d,fortran,objc,obj-c++ --prefix=/usr --program-suffix=-4.9 --enable-shared --enable-linker-build-id --libexecdir=/usr/lib --without-included-gettext --enable-threads=posix --with-gxx-include-dir=/usr/include/c++/4.9 --libdir=/usr/lib --enable-nls --with-sysroot=/ --enable-clocale=gnu --enable-libstdcxx-debug --enable-libstdcxx-time=yes --enable-gnu-unique-object --disable-vtable-verify --enable-plugin --with-system-zlib --disable-browser-plugin --enable-java-awt=gtk --enable-gtk-cairo --with-java-home=/usr/lib/jvm/java-1.5.0-gcj-4.9-amd64/jre --enable-java-home --with-jvm-root-dir=/usr/lib/jvm/java-1.5.0-gcj-4.9-amd64 --with-jvm-jar-dir=/usr/lib/jvm-exports/java-1.5.0-gcj-4.9-amd64 --with-arch-directory=amd64 --with-ecj-jar=/usr/share/java/eclipse-ecj.jar --enable-objc-gc --enable-multiarch --disable-werror --with-arch-32=i686 --with-abi=m64 --with-multilib-list=m32,m64,mx32 --enable-multilib --with-tune=generic --enable-checking=release --build=x86_64-linux-gnu --host=x86_64-linux-gnu --target=x86_64-linux-gnu
Thread model: posix
gcc version 4.9.2 (Ubuntu 4.9.2-10ubuntu13) 
configure:3356: $? = 0
configure:3345: gcc -V >&5
gcc: error: unrecognized command line option '-V'
gcc: fatal error: no input files
compilation terminated.
configure:3356: $? = 4
configure:3345: gcc -qversion >&5
gcc: error: unrecognized command line option '-qversion'
gcc: fatal error: no input files
compilation terminated.
configure:3356: $? = 4
configure:3376: checking whether the C compiler works
configure:3398: gcc    conftest.c  >&5
configure:3402: $? = 0
configure:3450: result: yes
configure:3453: checking for C compiler default output file name
configure:3455: result: a.out
configure:3461: checking for suffix of executables
configure:3468: gcc -o conftest    conftest.c  >&5
configure:3472: $? = 0
configure:3494: result: 
configure:3516: checking whether we are cross compiling
configure:3524: gcc -o conftest    conftest.c  >&5
configure:3528: $? = 0
configure:3535: ./conftest
configure:3539: $? = 0
configure:3554: result: no
configure:3559: checking for suffix of object files
configure:3581: gcc -c   conftest.c >&5
configure:3585: $? = 0
configure:3606: result: o
configure:3610: checking whether we are using the GNU C compiler
configure:3629: gcc -c   conftest.c >&5
configure:3629: $? = 0
configure:3638: result: yes
configure:3647: checking whether gcc accepts -g
configure:3667: gcc -c -g  conftest.c >&5
configure:3667: $? = 0
configure:3708: result: yes
configure:3725: checking for gcc option to accept ISO C89
configure:3788: gcc  -c -g -O2  conftest.c >&5
configure:3788: $? = 0
configure:3801: result: none needed
configure:3826: checking whether gcc understands -c and -o together
configure:3848: gcc -c conftest.c -o conftest2.o
configure:3851: $? = 0
configure:3848: gcc -c conftest.c -o conftest2.o
configure:3851: $? = 0
configure:3863: result: yes
configure:3882: checking dependency style of gcc
configure:3993: result: gcc3
configure:4014: checking how to run the C preprocessor
configure:4045: gcc -E  conftest.c
configure:4045: $? = 0
configure:4059: gcc -E  conftest.c
conftest.c:11:28: fatal error: ac_nonexistent.h: No such file or directory
 #include <ac_nonexistent.h>
                            ^
compilation terminated.
configure:4059: $? = 1
configure: failed program was:
| /* confdefs.h */
| #define PACKAGE_NAME "GNU nano"
| #define PACKAGE_TARNAME "nano"
| #define PACKAGE_VERSION "2.4.2"
| #define PACKAGE_STRING "GNU nano 2.4.2"
| #define PACKAGE_BUGREPORT "nano-devel@gnu.org"
| #define PACKAGE_URL "http://www.gnu.org/software/nano/"
| #define PACKAGE "nano"
| #define VERSION "2.4.2"
| /* end confdefs.h.  */
| #include <ac_nonexistent.h>
configure:4084: result: gcc -E
configure:4104: gcc -E  conftest.c
configure:4104: $? = 0
configure:4118: gcc -E  conftest.c
conftest.c:11:28: fatal error: ac_nonexistent.h: No such file or directory
 #include <ac_nonexistent.h>
                            ^
compilation terminated.
configure:4118: $? = 1
configure: failed program was:
| /* confdefs.h */
| #define PACKAGE_NAME "GNU nano"
| #define PACKAGE_TARNAME "nano"
| #define PACKAGE_VERSION "2.4.2"
| #define PACKAGE_STRING "GNU nano 2.4.2"
| #define PACKAGE_BUGREPORT "nano-devel@gnu.org"
| #define PACKAGE_URL "http://www.gnu.org/software/nano/"
| #define PACKAGE "nano"
| #define VERSION "2.4.2"
| /* end confdefs.h.  */
| #include <ac_nonexistent.h>
configure:4147: checking for grep that handles long lines and -e
configure:4205: result: /bin/grep
configure:4210: checking for egrep
configure:4272: result: /bin/grep -E
configure:4277: checking for ANSI C header files
configure:4297: gcc -c -g -O2  conftest.c >&5
configure:4297: $? = 0
configure:4370: gcc -o conftest -g -O2   conftest.c  >&5
configure:4370: $? = 0
configure:4370: ./conftest
configure:4370: $? = 0
configure:4381: result: yes
configure:4394: checking for sys/types.h
configure:4394: gcc -c -g -O2  conftest.c >&5
configure:4394: $? = 0
configure:4394: result: yes
configure:4394: checking for sys/stat.h
configure:4394: gcc -c -g -O2  conftest.c >&5
configure:4394: $? = 0
configure:4394: result: yes
configure:4394: checking for stdlib.h
configure:4394: gcc -c -g -O2  conftest.c >&5
configure:4394: $? = 0
configure:4394: result: yes
configure:4394: checking for string.h
configure:4394: gcc -c -g -O2  conftest.c >&5
configure:4394: $? = 0
configure:4394: result: yes
configure:4394: checking for memory.h
configure:4394: gcc -c -g -O2  conftest.c >&5
configure:4394: $? = 0
configure:4394: result: yes
configure:4394: checking for strings.h
configure:4394: gcc -c -g -O2  conftest.c >&5
configure:4394: $? = 0
configure:4394: result: yes
configure:4394: checking for inttypes.h
configure:4394: gcc -c -g -O2  conftest.c >&5
configure:4394: $? = 0
configure:4394: result: yes
configure:4394: checking for stdint.h
configure:4394: gcc -c -g -O2  conftest.c >&5
configure:4394: $? = 0
configure:4394: result: yes
configure:4394: checking for unistd.h
configure:4394: gcc -c -g -O2  conftest.c >&5
configure:4394: $? = 0
configure:4394: result: yes
configure:4407: checking minix/config.h usability
configure:4407: gcc -c -g -O2  conftest.c >&5
conftest.c:54:26: fatal error: minix/config.h: No such file or directory
 #include <minix/config.h>
                          ^
compilation terminated.
configure:4407: $? = 1
configure: failed program was:
| /* confdefs.h */
| #define PACKAGE_NAME "GNU nano"
| #define PACKAGE_TARNAME "nano"
| #define PACKAGE_VERSION "2.4.2"
| #define PACKAGE_STRING "GNU nano 2.4.2"
| #define PACKAGE_BUGREPORT "nano-devel@gnu.org"
| #define PACKAGE_URL "http://www.gnu.org/software/nano/"
| #define PACKAGE "nano"
| #define VERSION "2.4.2"
| #define STDC_HEADERS 1
| #define HAVE_SYS_TYPES_H 1
| #define HAVE_SYS_STAT_H 1
| #define HAVE_STDLIB_H 1
| #define HAVE_STRING_H 1
| #define HAVE_MEMORY_H 1
| #define HAVE_STRINGS_H 1
| #define HAVE_INTTYPES_H 1
| #define HAVE_STDINT_H 1
| #define HAVE_UNISTD_H 1
| /* end confdefs.h.  */
| #include <stdio.h>
| #ifdef HAVE_SYS_TYPES_H
| # include <sys/types.h>
| #endif
| #ifdef HAVE_SYS_STAT_H
| # include <sys/stat.h>
| #endif
| #ifdef STDC_HEADERS
| # include <stdlib.h>
| # include <stddef.h>
| #else
| # ifdef HAVE_STDLIB_H
| #  include <stdlib.h>
| # endif
| #endif
| #ifdef HAVE_STRING_H
| # if !defined STDC_HEADERS && defined HAVE_MEMORY_H
| #  include <memory.h>
| # endif
| # include <string.h>
| #endif
| #ifdef HAVE_STRINGS_H
| # include <strings.h>
| #endif
| #ifdef HAVE_INTTYPES_H
| # include <inttypes.h>
| #endif
| #ifdef HAVE_STDINT_H
| # include <stdint.h>
| #endif
| #ifdef HAVE_UNISTD_H
| # include <unistd.h>
| #endif
| #include <minix/config.h>
configure:4407: result: no
configure:4407: checking minix/config.h presence
configure:4407: gcc -E  conftest.c
conftest.c:21:26: fatal error: minix/config.h: No such file or directory
 #include <minix/config.h>
                          ^
compilation terminated.
configure:4407: $? = 1
configure: failed program was:
| /* confdefs.h */
| #define PACKAGE_NAME "GNU nano"
| #define PACKAGE_TARNAME "nano"
| #define PACKAGE_VERSION "2.4.2"
| #define PACKAGE_STRING "GNU nano 2.4.2"
| #define PACKAGE_BUGREPORT "nano-devel@gnu.org"
| #define PACKAGE_URL "http://www.gnu.org/software/nano/"
| #define PACKAGE "nano"
| #define VERSION "2.4.2"
| #define STDC_HEADERS 1
| #define HAVE_SYS_TYPES_H 1
| #define HAVE_SYS_STAT_H 1
| #define HAVE_STDLIB_H 1
| #define HAVE_STRING_H 1
| #define HAVE_MEMORY_H 1
| #define HAVE_STRINGS_H 1
| #define HAVE_INTTYPES_H 1
| #define HAVE_STDINT_H 1
| #define HAVE_UNISTD_H 1
| /* end confdefs.h.  */
| #include <minix/config.h>
configure:4407: result: no
configure:4407: checking for minix/config.h
configure:4407: result: no
configure:4428: checking whether it is safe to define __EXTENSIONS__
configure:4446: gcc -c -g -O2  conftest.c >&5
configure:4446: $? = 0
configure:4453: result: yes
configure:4516: checking for gcc
configure:4543: result: gcc
configure:4772: checking for C compiler version
configure:4781: gcc --version >&5
gcc (Ubuntu 4.9.2-10ubuntu13) 4.9.2
Copyright (C) 2014 Free Software Foundation, Inc.
This is free software; see the source for copying conditions.  There is NO
warranty; not even for MERCHANTABILITY or FITNESS FOR A PARTICULAR PURPOSE.

configure:4792: $? = 0
configure:4781: gcc -v >&5
Using built-in specs.
COLLECT_GCC=gcc
COLLECT_LTO_WRAPPER=/usr/lib/gcc/x86_64-linux-gnu/4.9/lto-wrapper
Target: x86_64-linux-gnu
Configured with: ../src/configure -v --with-pkgversion='Ubuntu 4.9.2-10ubuntu13' --with-bugurl=file:///usr/share/doc/gcc-4.9/README.Bugs --enable-languages=c,c++,java,go,d,fortran,objc,obj-c++ --prefix=/usr --program-suffix=-4.9 --enable-shared --enable-linker-build-id --libexecdir=/usr/lib --without-included-gettext --enable-threads=posix --with-gxx-include-dir=/usr/include/c++/4.9 --libdir=/usr/lib --enable-nls --with-sysroot=/ --enable-clocale=gnu --enable-libstdcxx-debug --enable-libstdcxx-time=yes --enable-gnu-unique-object --disable-vtable-verify --enable-plugin --with-system-zlib --disable-browser-plugin --enable-java-awt=gtk --enable-gtk-cairo --with-java-home=/usr/lib/jvm/java-1.5.0-gcj-4.9-amd64/jre --enable-java-home --with-jvm-root-dir=/usr/lib/jvm/java-1.5.0-gcj-4.9-amd64 --with-jvm-jar-dir=/usr/lib/jvm-exports/java-1.5.0-gcj-4.9-amd64 --with-arch-directory=amd64 --with-ecj-jar=/usr/share/java/eclipse-ecj.jar --enable-objc-gc --enable-multiarch --disable-werror --with-arch-32=i686 --with-abi=m64 --with-multilib-list=m32,m64,mx32 --enable-multilib --with-tune=generic --enable-checking=release --build=x86_64-linux-gnu --host=x86_64-linux-gnu --target=x86_64-linux-gnu
Thread model: posix
gcc version 4.9.2 (Ubuntu 4.9.2-10ubuntu13) 
configure:4792: $? = 0
configure:4781: gcc -V >&5
gcc: error: unrecognized command line option '-V'
gcc: fatal error: no input files
compilation terminated.
configure:4792: $? = 4
configure:4781: gcc -qversion >&5
gcc: error: unrecognized command line option '-qversion'
gcc: fatal error: no input files
compilation terminated.
configure:4792: $? = 4
configure:4796: checking whether we are using the GNU C compiler
configure:4824: result: yes
configure:4833: checking whether gcc accepts -g
configure:4894: result: yes
configure:4911: checking for gcc option to accept ISO C89
configure:4987: result: none needed
configure:5012: checking whether gcc understands -c and -o together
configure:5049: result: yes
configure:5068: checking dependency style of gcc
configure:5179: result: gcc3
configure:5194: checking whether ln -s works
configure:5198: result: yes
configure:5206: checking for strerror in -lcposix
configure:5231: gcc -o conftest -g -O2   conftest.c -lcposix   >&5
/usr/bin/ld: cannot find -lcposix
collect2: error: ld returned 1 exit status
configure:5231: $? = 1
configure: failed program was:
| /* confdefs.h */
| #define PACKAGE_NAME "GNU nano"
| #define PACKAGE_TARNAME "nano"
| #define PACKAGE_VERSION "2.4.2"
| #define PACKAGE_STRING "GNU nano 2.4.2"
| #define PACKAGE_BUGREPORT "nano-devel@gnu.org"
| #define PACKAGE_URL "http://www.gnu.org/software/nano/"
| #define PACKAGE "nano"
| #define VERSION "2.4.2"
| #define STDC_HEADERS 1
| #define HAVE_SYS_TYPES_H 1
| #define HAVE_SYS_STAT_H 1
| #define HAVE_STDLIB_H 1
| #define HAVE_STRING_H 1
| #define HAVE_MEMORY_H 1
| #define HAVE_STRINGS_H 1
| #define HAVE_INTTYPES_H 1
| #define HAVE_STDINT_H 1
| #define HAVE_UNISTD_H 1
| #define __EXTENSIONS__ 1
| #define _ALL_SOURCE 1
| #define _GNU_SOURCE 1
| #define _POSIX_PTHREAD_SEMANTICS 1
| #define _TANDEM_SOURCE 1
| /* end confdefs.h.  */
| 
| /* Override any GCC internal prototype to avoid an error.
|    Use char because int might match the return type of a GCC
|    builtin and then its argument prototype would still apply.  */
| #ifdef __cplusplus
| extern "C"
| #endif
| char strerror ();
| int
| main ()
| {
| return strerror ();
|   ;
|   return 0;
| }
configure:5240: result: no
configure:5255: checking for special C compiler options needed for large files
configure:5300: result: no
configure:5306: checking for _FILE_OFFSET_BITS value needed for large files
configure:5331: gcc -c -g -O2  conftest.c >&5
configure:5331: $? = 0
configure:5363: result: no
configure:5502: checking for pkg-config
configure:5520: found /usr/bin/pkg-config
configure:5532: result: /usr/bin/pkg-config
configure:5557: checking pkg-config is at least version 0.9.0
configure:5560: result: yes
configure:5586: checking for msgfmt
configure:5614: result: /usr/bin/msgfmt
configure:5623: checking for gmsgfmt
configure:5654: result: /usr/bin/msgfmt
configure:5665: checking for xgettext
configure:5693: result: /usr/bin/xgettext
configure:5704: checking for msgmerge
configure:5731: result: /usr/bin/msgmerge
configure:5793: checking for ld used by GCC
configure:5856: result: /usr/bin/ld
configure:5863: checking if the linker (/usr/bin/ld) is GNU ld
GNU ld (GNU Binutils for Ubuntu) 2.25
configure:5875: result: yes
configure:5881: checking for shared library run path origin
configure:5894: result: done
configure:6311: checking whether NLS is requested
configure:6320: result: yes
configure:6337: checking for GNU gettext in libc
configure:6356: gcc -o conftest -g -O2   conftest.c  >&5
conftest.c: In function 'main':
conftest.c:33:8: warning: cast from pointer to integer of different size [-Wpointer-to-int-cast]
 return (int) gettext ("") + (int) ngettext ("", "", 0) + _nl_msg_cat_cntr + *_nl_domain_bindings
        ^
conftest.c:33:29: warning: cast from pointer to integer of different size [-Wpointer-to-int-cast]
 return (int) gettext ("") + (int) ngettext ("", "", 0) + _nl_msg_cat_cntr + *_nl_domain_bindings
                             ^
configure:6356: $? = 0
configure:6364: result: yes
configure:7029: checking getopt.h usability
configure:7029: gcc -c -g -O2  conftest.c >&5
configure:7029: $? = 0
configure:7029: result: yes
configure:7029: checking getopt.h presence
configure:7029: gcc -E  conftest.c
configure:7029: $? = 0
configure:7029: result: yes
configure:7029: checking for getopt.h
configure:7029: result: yes
configure:7029: checking libintl.h usability
configure:7029: gcc -c -g -O2  conftest.c >&5
configure:7029: $? = 0
configure:7029: result: yes
configure:7029: checking libintl.h presence
configure:7029: gcc -E  conftest.c
configure:7029: $? = 0
configure:7029: result: yes
configure:7029: checking for libintl.h
configure:7029: result: yes
configure:7029: checking limits.h usability
configure:7029: gcc -c -g -O2  conftest.c >&5
configure:7029: $? = 0
configure:7029: result: yes
configure:7029: checking limits.h presence
configure:7029: gcc -E  conftest.c
configure:7029: $? = 0
configure:7029: result: yes
configure:7029: checking for limits.h
configure:7029: result: yes
configure:7029: checking regex.h usability
configure:7029: gcc -c -g -O2  conftest.c >&5
configure:7029: $? = 0
configure:7029: result: yes
configure:7029: checking regex.h presence
configure:7029: gcc -E  conftest.c
configure:7029: $? = 0
configure:7029: result: yes
configure:7029: checking for regex.h
configure:7029: result: yes
configure:7029: checking sys/param.h usability
configure:7029: gcc -c -g -O2  conftest.c >&5
configure:7029: $? = 0
configure:7029: result: yes
configure:7029: checking sys/param.h presence
configure:7029: gcc -E  conftest.c
configure:7029: $? = 0
configure:7029: result: yes
configure:7029: checking for sys/param.h
configure:7029: result: yes
configure:7029: checking wchar.h usability
configure:7029: gcc -c -g -O2  conftest.c >&5
configure:7029: $? = 0
configure:7029: result: yes
configure:7029: checking wchar.h presence
configure:7029: gcc -E  conftest.c
configure:7029: $? = 0
configure:7029: result: yes
configure:7029: checking for wchar.h
configure:7029: result: yes
configure:7029: checking wctype.h usability
configure:7029: gcc -c -g -O2  conftest.c >&5
configure:7029: $? = 0
configure:7029: result: yes
configure:7029: checking wctype.h presence
configure:7029: gcc -E  conftest.c
configure:7029: $? = 0
configure:7029: result: yes
configure:7029: checking for wctype.h
configure:7029: result: yes
configure:7029: checking stdarg.h usability
configure:7029: gcc -c -g -O2  conftest.c >&5
configure:7029: $? = 0
configure:7029: result: yes
configure:7029: checking stdarg.h presence
configure:7029: gcc -E  conftest.c
configure:7029: $? = 0
configure:7029: result: yes
configure:7029: checking for stdarg.h
configure:7029: result: yes
configure:7337: checking whether to enable UTF-8 support
configure:7344: result: auto
configure:7360: checking whether to use slang
configure:7751: result: no
configure:7761: checking for getdelim
configure:7761: gcc -o conftest -g -O2   conftest.c  >&5
configure:7761: $? = 0
configure:7761: result: yes
configure:7761: checking for getline
configure:7761: gcc -o conftest -g -O2   conftest.c  >&5
configure:7761: $? = 0
configure:7761: result: yes
configure:7761: checking for isblank
configure:7761: gcc -o conftest -g -O2   conftest.c  >&5
conftest.c:64:6: warning: conflicting types for built-in function 'isblank'
 char isblank ();
      ^
configure:7761: $? = 0
configure:7761: result: yes
configure:7761: checking for strcasecmp
configure:7761: gcc -o conftest -g -O2   conftest.c  >&5
conftest.c:65:6: warning: conflicting types for built-in function 'strcasecmp'
 char strcasecmp ();
      ^
configure:7761: $? = 0
configure:7761: result: yes
configure:7761: checking for strcasestr
configure:7761: gcc -o conftest -g -O2   conftest.c  >&5
configure:7761: $? = 0
configure:7761: result: yes
configure:7761: checking for strncasecmp
configure:7761: gcc -o conftest -g -O2   conftest.c  >&5
conftest.c:67:6: warning: conflicting types for built-in function 'strncasecmp'
 char strncasecmp ();
      ^
configure:7761: $? = 0
configure:7761: result: yes
configure:7761: checking for strnlen
configure:7761: gcc -o conftest -g -O2   conftest.c  >&5
configure:7761: $? = 0
configure:7761: result: yes
configure:7761: checking for snprintf
configure:7761: gcc -o conftest -g -O2   conftest.c  >&5
conftest.c:69:6: warning: conflicting types for built-in function 'snprintf'
 char snprintf ();
      ^
configure:7761: $? = 0
configure:7761: result: yes
configure:7761: checking for vsnprintf
configure:7761: gcc -o conftest -g -O2   conftest.c  >&5
conftest.c:70:6: warning: conflicting types for built-in function 'vsnprintf'
 char vsnprintf ();
      ^
configure:7761: $? = 0
configure:7761: result: yes
configure:7775: checking for iswalnum
configure:7775: gcc -o conftest -g -O2   conftest.c  >&5
conftest.c:71:6: warning: conflicting types for built-in function 'iswalnum'
 char iswalnum ();
      ^
configure:7775: $? = 0
configure:7775: result: yes
configure:7775: checking for iswblank
configure:7775: gcc -o conftest -g -O2   conftest.c  >&5
conftest.c:72:6: warning: conflicting types for built-in function 'iswblank'
 char iswblank ();
      ^
configure:7775: $? = 0
configure:7775: result: yes
configure:7775: checking for iswpunct
configure:7775: gcc -o conftest -g -O2   conftest.c  >&5
conftest.c:73:6: warning: conflicting types for built-in function 'iswpunct'
 char iswpunct ();
      ^
configure:7775: $? = 0
configure:7775: result: yes
configure:7775: checking for iswspace
configure:7775: gcc -o conftest -g -O2   conftest.c  >&5
conftest.c:74:6: warning: conflicting types for built-in function 'iswspace'
 char iswspace ();
      ^
configure:7775: $? = 0
configure:7775: result: yes
configure:7775: checking for nl_langinfo
configure:7775: gcc -o conftest -g -O2   conftest.c  >&5
configure:7775: $? = 0
configure:7775: result: yes
configure:7775: checking for mblen
configure:7775: gcc -o conftest -g -O2   conftest.c  >&5
configure:7775: $? = 0
configure:7775: result: yes
configure:7775: checking for mbstowcs
configure:7775: gcc -o conftest -g -O2   conftest.c  >&5
configure:7775: $? = 0
configure:7775: result: yes
configure:7775: checking for mbtowc
configure:7775: gcc -o conftest -g -O2   conftest.c  >&5
configure:7775: $? = 0
configure:7775: result: yes
configure:7775: checking for wctomb
configure:7775: gcc -o conftest -g -O2   conftest.c  >&5
configure:7775: $? = 0
configure:7775: result: yes
configure:7775: checking for wcwidth
configure:7775: gcc -o conftest -g -O2   conftest.c  >&5
configure:7775: $? = 0
configure:7775: result: yes
configure:8356: checking whether C compiler accepts -Wall
configure:8375: gcc -c -g -O2  -Wall  conftest.c >&5
configure:8375: $? = 0
configure:8383: result: yes
configure:8393: checking return type of signal handlers
configure:8411: gcc -c -g -O2 -Wall  conftest.c >&5
conftest.c: In function 'main':
conftest.c:64:1: error: void value not ignored as it ought to be
 return *(signal (0, 0)) (0) == 1;
 ^
configure:8411: $? = 1
configure: failed program was:
| /* confdefs.h */
| #define PACKAGE_NAME "GNU nano"
| #define PACKAGE_TARNAME "nano"
| #define PACKAGE_VERSION "2.4.2"
| #define PACKAGE_STRING "GNU nano 2.4.2"
| #define PACKAGE_BUGREPORT "nano-devel@gnu.org"
| #define PACKAGE_URL "http://www.gnu.org/software/nano/"
| #define PACKAGE "nano"
| #define VERSION "2.4.2"
| #define STDC_HEADERS 1
| #define HAVE_SYS_TYPES_H 1
| #define HAVE_SYS_STAT_H 1
| #define HAVE_STDLIB_H 1
| #define HAVE_STRING_H 1
| #define HAVE_MEMORY_H 1
| #define HAVE_STRINGS_H 1
| #define HAVE_INTTYPES_H 1
| #define HAVE_STDINT_H 1
| #define HAVE_UNISTD_H 1
| #define __EXTENSIONS__ 1
| #define _ALL_SOURCE 1
| #define _GNU_SOURCE 1
| #define _POSIX_PTHREAD_SEMANTICS 1
| #define _TANDEM_SOURCE 1
| #define ENABLE_NLS 1
| #define HAVE_GETTEXT 1
| #define HAVE_DCGETTEXT 1
| #define PKGDATADIR "/usr/local/share/nano"
| #define HAVE_GETOPT_H 1
| #define HAVE_LIBINTL_H 1
| #define HAVE_LIMITS_H 1
| #define HAVE_REGEX_H 1
| #define HAVE_SYS_PARAM_H 1
| #define HAVE_WCHAR_H 1
| #define HAVE_WCTYPE_H 1
| #define HAVE_STDARG_H 1
| #define NDEBUG 1
| #define HAVE_GETDELIM 1
| #define HAVE_GETLINE 1
| #define HAVE_ISBLANK 1
| #define HAVE_STRCASECMP 1
| #define HAVE_STRCASESTR 1
| #define HAVE_STRNCASECMP 1
| #define HAVE_STRNLEN 1
| #define HAVE_SNPRINTF 1
| #define HAVE_VSNPRINTF 1
| #define HAVE_ISWALNUM 1
| #define HAVE_ISWBLANK 1
| #define HAVE_ISWPUNCT 1
| #define HAVE_ISWSPACE 1
| #define HAVE_NL_LANGINFO 1
| #define HAVE_MBLEN 1
| #define HAVE_MBSTOWCS 1
| #define HAVE_MBTOWC 1
| #define HAVE_WCTOMB 1
| #define HAVE_WCWIDTH 1
| /* end confdefs.h.  */
| #include <sys/types.h>
| #include <signal.h>
| 
| int
| main ()
| {
| return *(signal (0, 0)) (0) == 1;
|   ;
|   return 0;
| }
configure:8418: result: void
configure:8428: checking for vprintf
configure:8428: gcc -o conftest -g -O2 -Wall   conftest.c  >&5
conftest.c:82:6: warning: conflicting types for built-in function 'vprintf'
 char vprintf ();
      ^
configure:8428: $? = 0
configure:8428: result: yes
configure:8434: checking for _doprnt
configure:8434: gcc -o conftest -g -O2 -Wall   conftest.c  >&5
/tmp/ccwwEq9e.o: In function `main':
/home/paragverma/Downloads/original nano/nano-2.4.2/conftest.c:94: undefined reference to `_doprnt'
collect2: error: ld returned 1 exit status
configure:8434: $? = 1
configure: failed program was:
| /* confdefs.h */
| #define PACKAGE_NAME "GNU nano"
| #define PACKAGE_TARNAME "nano"
| #define PACKAGE_VERSION "2.4.2"
| #define PACKAGE_STRING "GNU nano 2.4.2"
| #define PACKAGE_BUGREPORT "nano-devel@gnu.org"
| #define PACKAGE_URL "http://www.gnu.org/software/nano/"
| #define PACKAGE "nano"
| #define VERSION "2.4.2"
| #define STDC_HEADERS 1
| #define HAVE_SYS_TYPES_H 1
| #define HAVE_SYS_STAT_H 1
| #define HAVE_STDLIB_H 1
| #define HAVE_STRING_H 1
| #define HAVE_MEMORY_H 1
| #define HAVE_STRINGS_H 1
| #define HAVE_INTTYPES_H 1
| #define HAVE_STDINT_H 1
| #define HAVE_UNISTD_H 1
| #define __EXTENSIONS__ 1
| #define _ALL_SOURCE 1
| #define _GNU_SOURCE 1
| #define _POSIX_PTHREAD_SEMANTICS 1
| #define _TANDEM_SOURCE 1
| #define ENABLE_NLS 1
| #define HAVE_GETTEXT 1
| #define HAVE_DCGETTEXT 1
| #define PKGDATADIR "/usr/local/share/nano"
| #define HAVE_GETOPT_H 1
| #define HAVE_LIBINTL_H 1
| #define HAVE_LIMITS_H 1
| #define HAVE_REGEX_H 1
| #define HAVE_SYS_PARAM_H 1
| #define HAVE_WCHAR_H 1
| #define HAVE_WCTYPE_H 1
| #define HAVE_STDARG_H 1
| #define NDEBUG 1
| #define HAVE_GETDELIM 1
| #define HAVE_GETLINE 1
| #define HAVE_ISBLANK 1
| #define HAVE_STRCASECMP 1
| #define HAVE_STRCASESTR 1
| #define HAVE_STRNCASECMP 1
| #define HAVE_STRNLEN 1
| #define HAVE_SNPRINTF 1
| #define HAVE_VSNPRINTF 1
| #define HAVE_ISWALNUM 1
| #define HAVE_ISWBLANK 1
| #define HAVE_ISWPUNCT 1
| #define HAVE_ISWSPACE 1
| #define HAVE_NL_LANGINFO 1
| #define HAVE_MBLEN 1
| #define HAVE_MBSTOWCS 1
| #define HAVE_MBTOWC 1
| #define HAVE_WCTOMB 1
| #define HAVE_WCWIDTH 1
| #define RETSIGTYPE void
| #define HAVE_VPRINTF 1
| /* end confdefs.h.  */
| /* Define _doprnt to an innocuous variant, in case <limits.h> declares _doprnt.
|    For example, HP-UX 11i <limits.h> declares gettimeofday.  */
| #define _doprnt innocuous__doprnt
| 
| /* System header to define __stub macros and hopefully few prototypes,
|     which can conflict with char _doprnt (); below.
|     Prefer <limits.h> to <assert.h> if __STDC__ is defined, since
|     <limits.h> exists even on freestanding compilers.  */
| 
| #ifdef __STDC__
| # include <limits.h>
| #else
| # include <assert.h>
| #endif
| 
| #undef _doprnt
| 
| /* Override any GCC internal prototype to avoid an error.
|    Use char because int might match the return type of a GCC
|    builtin and then its argument prototype would still apply.  */
| #ifdef __cplusplus
| extern "C"
| #endif
| char _doprnt ();
| /* The GNU C library defines this for functions which it implements
|     to always fail with ENOSYS.  Some functions are actually named
|     something starting with __ and the normal name is an alias.  */
| #if defined __stub__doprnt || defined __stub____doprnt
| choke me
| #endif
| 
| int
| main ()
| {
| return _doprnt ();
|   ;
|   return 0;
| }
configure:8434: result: no
configure:8447: checking for getopt_long
configure:8447: gcc -o conftest -g -O2 -Wall   conftest.c  >&5
configure:8447: $? = 0
configure:8447: result: yes
configure:8462: checking for NCURSESW
configure:8469: $PKG_CONFIG --exists --print-errors "ncursesw"
configure:8472: $? = 0
configure:8486: $PKG_CONFIG --exists --print-errors "ncursesw"
configure:8489: $? = 0
configure:8527: result: yes
configure:8967: result: Using ncursesw as the curses library
configure:8972: checking for use_default_colors in -lncursesw
configure:8997: gcc -o conftest -g -O2 -Wall -I/usr/include/ncursesw    conftest.c -lncursesw   >&5
configure:8997: $? = 0
configure:9007: result: yes
configure:9068: checking for GNU-style word boundary regex support
configure:9117: gcc -o conftest -g -O2 -Wall -I/usr/include/ncursesw    conftest.c  -lncursesw  >&5
conftest.c: In function 'main':
conftest.c:76:9: warning: 'nmatch' may be used uninitialized in this function [-Wmaybe-uninitialized]
     if (regexec(&r, "word boundary", nmatch, &pmatch, 0))
         ^
configure:9117: $? = 0
configure:9117: ./conftest
configure:9117: $? = 0
configure:9118: result: yes
configure:9136: checking whether _XOPEN_SOURCE_EXTENDED is needed
configure:9152: gcc -o conftest -g -O2 -Wall -I/usr/include/ncursesw    conftest.c  -lncursesw  >&5
conftest.c: In function 'main':
conftest.c:68:9: warning: unused variable 'testcolor' [-Wunused-variable]
     int testcolor = COLOR_WHITE;
         ^
configure:9152: $? = 0
configure:9152: ./conftest
configure:9152: $? = 0
configure:9153: result: no
configure:9201: checking whether LINES and COLS can be redefined
configure:9218: gcc -o conftest -g -O2 -Wall -I/usr/include/ncursesw    conftest.c  -lncursesw  >&5
configure:9218: $? = 0
configure:9218: ./conftest
configure:9218: $? = 0
configure:9222: result: yes
configure:9239: checking for magic.h
configure:9239: gcc -c -g -O2 -Wall -I/usr/include/ncursesw   conftest.c >&5
conftest.c:99:19: fatal error: magic.h: No such file or directory
 #include <magic.h>
                   ^
compilation terminated.
configure:9239: $? = 1
configure: failed program was:
| /* confdefs.h */
| #define PACKAGE_NAME "GNU nano"
| #define PACKAGE_TARNAME "nano"
| #define PACKAGE_VERSION "2.4.2"
| #define PACKAGE_STRING "GNU nano 2.4.2"
| #define PACKAGE_BUGREPORT "nano-devel@gnu.org"
| #define PACKAGE_URL "http://www.gnu.org/software/nano/"
| #define PACKAGE "nano"
| #define VERSION "2.4.2"
| #define STDC_HEADERS 1
| #define HAVE_SYS_TYPES_H 1
| #define HAVE_SYS_STAT_H 1
| #define HAVE_STDLIB_H 1
| #define HAVE_STRING_H 1
| #define HAVE_MEMORY_H 1
| #define HAVE_STRINGS_H 1
| #define HAVE_INTTYPES_H 1
| #define HAVE_STDINT_H 1
| #define HAVE_UNISTD_H 1
| #define __EXTENSIONS__ 1
| #define _ALL_SOURCE 1
| #define _GNU_SOURCE 1
| #define _POSIX_PTHREAD_SEMANTICS 1
| #define _TANDEM_SOURCE 1
| #define ENABLE_NLS 1
| #define HAVE_GETTEXT 1
| #define HAVE_DCGETTEXT 1
| #define PKGDATADIR "/usr/local/share/nano"
| #define HAVE_GETOPT_H 1
| #define HAVE_LIBINTL_H 1
| #define HAVE_LIMITS_H 1
| #define HAVE_REGEX_H 1
| #define HAVE_SYS_PARAM_H 1
| #define HAVE_WCHAR_H 1
| #define HAVE_WCTYPE_H 1
| #define HAVE_STDARG_H 1
| #define NDEBUG 1
| #define HAVE_GETDELIM 1
| #define HAVE_GETLINE 1
| #define HAVE_ISBLANK 1
| #define HAVE_STRCASECMP 1
| #define HAVE_STRCASESTR 1
| #define HAVE_STRNCASECMP 1
| #define HAVE_STRNLEN 1
| #define HAVE_SNPRINTF 1
| #define HAVE_VSNPRINTF 1
| #define HAVE_ISWALNUM 1
| #define HAVE_ISWBLANK 1
| #define HAVE_ISWPUNCT 1
| #define HAVE_ISWSPACE 1
| #define HAVE_NL_LANGINFO 1
| #define HAVE_MBLEN 1
| #define HAVE_MBSTOWCS 1
| #define HAVE_MBTOWC 1
| #define HAVE_WCTOMB 1
| #define HAVE_WCWIDTH 1
| #define RETSIGTYPE void
| #define HAVE_VPRINTF 1
| #define HAVE_GETOPT_LONG 1
| #define HAVE_USE_DEFAULT_COLORS 1
| #define ENABLE_UTF8 1
| #define GNU_WORDBOUNDS 1
| #define REDEFINING_MACROS_OK 1
| /* end confdefs.h.  */
| #include <stdio.h>
| #ifdef HAVE_SYS_TYPES_H
| # include <sys/types.h>
| #endif
| #ifdef HAVE_SYS_STAT_H
| # include <sys/stat.h>
| #endif
| #ifdef STDC_HEADERS
| # include <stdlib.h>
| # include <stddef.h>
| #else
| # ifdef HAVE_STDLIB_H
| #  include <stdlib.h>
| # endif
| #endif
| #ifdef HAVE_STRING_H
| # if !defined STDC_HEADERS && defined HAVE_MEMORY_H
| #  include <memory.h>
| # endif
| # include <string.h>
| #endif
| #ifdef HAVE_STRINGS_H
| # include <strings.h>
| #endif
| #ifdef HAVE_INTTYPES_H
| # include <inttypes.h>
| #endif
| #ifdef HAVE_STDINT_H
| # include <stdint.h>
| #endif
| #ifdef HAVE_UNISTD_H
| # include <unistd.h>
| #endif
| 
| #include <magic.h>
configure:9239: result: no
configure:9239: checking for zlib.h
configure:9239: gcc -c -g -O2 -Wall -I/usr/include/ncursesw   conftest.c >&5
configure:9239: $? = 0
configure:9239: result: yes
configure:9257: checking for magic_open in -lmagic
configure:9282: gcc -o conftest -g -O2 -Wall -I/usr/include/ncursesw    conftest.c -lmagic   -lncursesw  >&5
/usr/bin/ld: cannot find -lmagic
collect2: error: ld returned 1 exit status
configure:9282: $? = 1
configure: failed program was:
| /* confdefs.h */
| #define PACKAGE_NAME "GNU nano"
| #define PACKAGE_TARNAME "nano"
| #define PACKAGE_VERSION "2.4.2"
| #define PACKAGE_STRING "GNU nano 2.4.2"
| #define PACKAGE_BUGREPORT "nano-devel@gnu.org"
| #define PACKAGE_URL "http://www.gnu.org/software/nano/"
| #define PACKAGE "nano"
| #define VERSION "2.4.2"
| #define STDC_HEADERS 1
| #define HAVE_SYS_TYPES_H 1
| #define HAVE_SYS_STAT_H 1
| #define HAVE_STDLIB_H 1
| #define HAVE_STRING_H 1
| #define HAVE_MEMORY_H 1
| #define HAVE_STRINGS_H 1
| #define HAVE_INTTYPES_H 1
| #define HAVE_STDINT_H 1
| #define HAVE_UNISTD_H 1
| #define __EXTENSIONS__ 1
| #define _ALL_SOURCE 1
| #define _GNU_SOURCE 1
| #define _POSIX_PTHREAD_SEMANTICS 1
| #define _TANDEM_SOURCE 1
| #define ENABLE_NLS 1
| #define HAVE_GETTEXT 1
| #define HAVE_DCGETTEXT 1
| #define PKGDATADIR "/usr/local/share/nano"
| #define HAVE_GETOPT_H 1
| #define HAVE_LIBINTL_H 1
| #define HAVE_LIMITS_H 1
| #define HAVE_REGEX_H 1
| #define HAVE_SYS_PARAM_H 1
| #define HAVE_WCHAR_H 1
| #define HAVE_WCTYPE_H 1
| #define HAVE_STDARG_H 1
| #define NDEBUG 1
| #define HAVE_GETDELIM 1
| #define HAVE_GETLINE 1
| #define HAVE_ISBLANK 1
| #define HAVE_STRCASECMP 1
| #define HAVE_STRCASESTR 1
| #define HAVE_STRNCASECMP 1
| #define HAVE_STRNLEN 1
| #define HAVE_SNPRINTF 1
| #define HAVE_VSNPRINTF 1
| #define HAVE_ISWALNUM 1
| #define HAVE_ISWBLANK 1
| #define HAVE_ISWPUNCT 1
| #define HAVE_ISWSPACE 1
| #define HAVE_NL_LANGINFO 1
| #define HAVE_MBLEN 1
| #define HAVE_MBSTOWCS 1
| #define HAVE_MBTOWC 1
| #define HAVE_WCTOMB 1
| #define HAVE_WCWIDTH 1
| #define RETSIGTYPE void
| #define HAVE_VPRINTF 1
| #define HAVE_GETOPT_LONG 1
| #define HAVE_USE_DEFAULT_COLORS 1
| #define ENABLE_UTF8 1
| #define GNU_WORDBOUNDS 1
| #define REDEFINING_MACROS_OK 1
| #define HAVE_ZLIB_H 1
| /* end confdefs.h.  */
| 
| /* Override any GCC internal prototype to avoid an error.
|    Use char because int might match the return type of a GCC
|    builtin and then its argument prototype would still apply.  */
| #ifdef __cplusplus
| extern "C"
| #endif
| char magic_open ();
| int
| main ()
| {
| return magic_open ();
|   ;
|   return 0;
| }
configure:9291: result: no
configure:9303: checking for inflate in -lz
configure:9328: gcc -o conftest -g -O2 -Wall -I/usr/include/ncursesw    conftest.c -lz   -lncursesw  >&5
configure:9328: $? = 0
configure:9337: result: yes
configure:9352: checking for HTML support in groff
configure:9356: result: no
configure:9359: WARNING: *** Will not generate HTML version of man pages  ***
*** Consider installing a newer version of groff with HTML support ***
configure:9380: checking for makeinfo
configure:9408: result: no
configure:9538: checking that generated files are newer than configure
configure:9544: result: done
configure:9591: creating ./config.status

## ---------------------- ##
## Running config.status. ##
## ---------------------- ##

This file was extended by GNU nano config.status 2.4.2, which was
generated by GNU Autoconf 2.69.  Invocation command line was

  CONFIG_FILES    = 
  CONFIG_HEADERS  = 
  CONFIG_LINKS    = 
  CONFIG_COMMANDS = 
  $ ./config.status 

on paragverma-HP-Pavilion-Notebook

config.status:965: creating Makefile
config.status:965: creating doc/Makefile
config.status:965: creating doc/nanorc.sample
config.status:965: creating doc/man/Makefile
config.status:965: creating doc/man/fr/Makefile
config.status:965: creating doc/syntax/Makefile
config.status:965: creating doc/texinfo/Makefile
config.status:965: creating m4/Makefile
config.status:965: creating po/Makefile.in
config.status:1073: WARNING:  'po/Makefile.in.in' seems to ignore the --datarootdir setting
config.status:965: creating src/Makefile
config.status:965: creating nano.spec
config.status:965: creating config.h
config.status:1194: executing depfiles commands
config.status:1194: executing default-1 commands

## ---------------- ##
## Cache variables. ##
## ---------------- ##

ac_cv_build=x86_64-unknown-linux-gnu
ac_cv_c_compiler_gnu=yes
ac_cv_env_CC_set=
ac_cv_env_CC_value=
ac_cv_env_CFLAGS_set=
ac_cv_env_CFLAGS_value=
ac_cv_env_CPPFLAGS_set=
ac_cv_env_CPPFLAGS_value=
ac_cv_env_CPP_set=
ac_cv_env_CPP_value=
ac_cv_env_LDFLAGS_set=
ac_cv_env_LDFLAGS_value=
ac_cv_env_LIBS_set=
ac_cv_env_LIBS_value=
ac_cv_env_NCURSESW_CFLAGS_set=
ac_cv_env_NCURSESW_CFLAGS_value=
ac_cv_env_NCURSESW_LIBS_set=
ac_cv_env_NCURSESW_LIBS_value=
ac_cv_env_NCURSES_CFLAGS_set=
ac_cv_env_NCURSES_CFLAGS_value=
ac_cv_env_NCURSES_LIBS_set=
ac_cv_env_NCURSES_LIBS_value=
ac_cv_env_PKG_CONFIG_LIBDIR_set=
ac_cv_env_PKG_CONFIG_LIBDIR_value=
ac_cv_env_PKG_CONFIG_PATH_set=
ac_cv_env_PKG_CONFIG_PATH_value=
ac_cv_env_PKG_CONFIG_set=
ac_cv_env_PKG_CONFIG_value=
ac_cv_env_build_alias_set=
ac_cv_env_build_alias_value=
ac_cv_env_host_alias_set=
ac_cv_env_host_alias_value=
ac_cv_env_target_alias_set=
ac_cv_env_target_alias_value=
ac_cv_func__doprnt=no
ac_cv_func_getdelim=yes
ac_cv_func_getline=yes
ac_cv_func_getopt_long=yes
ac_cv_func_isblank=yes
ac_cv_func_iswalnum=yes
ac_cv_func_iswblank=yes
ac_cv_func_iswpunct=yes
ac_cv_func_iswspace=yes
ac_cv_func_mblen=yes
ac_cv_func_mbstowcs=yes
ac_cv_func_mbtowc=yes
ac_cv_func_nl_langinfo=yes
ac_cv_func_snprintf=yes
ac_cv_func_strcasecmp=yes
ac_cv_func_strcasestr=yes
ac_cv_func_strncasecmp=yes
ac_cv_func_strnlen=yes
ac_cv_func_vprintf=yes
ac_cv_func_vsnprintf=yes
ac_cv_func_wctomb=yes
ac_cv_func_wcwidth=yes
ac_cv_header_getopt_h=yes
ac_cv_header_inttypes_h=yes
ac_cv_header_libintl_h=yes
ac_cv_header_limits_h=yes
ac_cv_header_magic_h=no
ac_cv_header_memory_h=yes
ac_cv_header_minix_config_h=no
ac_cv_header_regex_h=yes
ac_cv_header_stdarg_h=yes
ac_cv_header_stdc=yes
ac_cv_header_stdint_h=yes
ac_cv_header_stdlib_h=yes
ac_cv_header_string_h=yes
ac_cv_header_strings_h=yes
ac_cv_header_sys_param_h=yes
ac_cv_header_sys_stat_h=yes
ac_cv_header_sys_types_h=yes
ac_cv_header_unistd_h=yes
ac_cv_header_wchar_h=yes
ac_cv_header_wctype_h=yes
ac_cv_header_zlib_h=yes
ac_cv_host=x86_64-unknown-linux-gnu
ac_cv_lib_cposix_strerror=no
ac_cv_lib_magic_magic_open=no
ac_cv_lib_ncursesw___use_default_colors=yes
ac_cv_lib_z_inflate=yes
ac_cv_objext=o
ac_cv_path_EGREP='/bin/grep -E'
ac_cv_path_GMSGFMT=/usr/bin/msgfmt
ac_cv_path_GREP=/bin/grep
ac_cv_path_MSGFMT=/usr/bin/msgfmt
ac_cv_path_MSGMERGE=/usr/bin/msgmerge
ac_cv_path_XGETTEXT=/usr/bin/xgettext
ac_cv_path_ac_pt_PKG_CONFIG=/usr/bin/pkg-config
ac_cv_path_install='/usr/bin/install -c'
ac_cv_path_mkdir=/bin/mkdir
ac_cv_prog_AWK=gawk
ac_cv_prog_CPP='gcc -E'
ac_cv_prog_ac_ct_CC=gcc
ac_cv_prog_cc_c89=
ac_cv_prog_cc_g=yes
ac_cv_prog_haveit=no
ac_cv_prog_make_make_set=yes
ac_cv_safe_to_define___extensions__=yes
ac_cv_sys_file_offset_bits=no
ac_cv_sys_largefile_CC=no
ac_cv_type_signal=void
acl_cv_hardcode_direct=no
acl_cv_hardcode_libdir_flag_spec='${wl}-rpath ${wl}$libdir'
acl_cv_hardcode_libdir_separator=
acl_cv_hardcode_minus_L=no
acl_cv_libext=a
acl_cv_path_LD=/usr/bin/ld
acl_cv_prog_gnu_ld=yes
acl_cv_rpath=done
acl_cv_shlibext=so
acl_cv_sys_lib_dlsearch_path_spec='/lib /usr/lib'
acl_cv_sys_lib_search_path_spec='/lib /usr/lib /usr/local/lib'
acl_cv_wl=-Wl,
am_cv_CC_dependencies_compiler_type=gcc3
am_cv_make_support_nested_variables=yes
am_cv_prog_cc_c_o=yes
ax_cv_check_cflags___Wall=yes
gt_cv_func_gnugettext2_libc=yes
pkg_cv_NCURSESW_CFLAGS='-I/usr/include/ncursesw '
pkg_cv_NCURSESW_LIBS='-lncursesw '

## ----------------- ##
## Output variables. ##
## ----------------- ##

ACLOCAL='${SHELL} "/home/paragverma/Downloads/original nano/nano-2.4.2/missing" aclocal-1.14'
AMDEPBACKSLASH='\'
AMDEP_FALSE='#'
AMDEP_TRUE=''
AMTAR='$${TAR-tar}'
AM_BACKSLASH='\'
AM_DEFAULT_V='$(AM_DEFAULT_VERBOSITY)'
AM_DEFAULT_VERBOSITY='1'
AM_V='$(V)'
AUTOCONF='${SHELL} "/home/paragverma/Downloads/original nano/nano-2.4.2/missing" autoconf'
AUTOHEADER='${SHELL} "/home/paragverma/Downloads/original nano/nano-2.4.2/missing" autoheader'
AUTOMAKE='${SHELL} "/home/paragverma/Downloads/original nano/nano-2.4.2/missing" automake-1.14'
AWK='gawk'
CC='gcc'
CCDEPMODE='depmode=gcc3'
CFLAGS='-g -O2 -Wall'
CPP='gcc -E'
CPPFLAGS='-I/usr/include/ncursesw  '
CURSES_LIB='-lncursesw '
CYGPATH_W='echo'
DEFS='-DHAVE_CONFIG_H'
DEPDIR='.deps'
ECHO_C=''
ECHO_N='-n'
ECHO_T=''
EGREP='/bin/grep -E'
EXEEXT=''
GLIB_CFLAGS=''
GLIB_GENMARSHAL=''
GLIB_LIBS=''
GLIB_MKENUMS=''
GMSGFMT='/usr/bin/msgfmt'
GOBJECT_QUERY=''
GREP='/bin/grep'
GROFF_HTML_FALSE=''
GROFF_HTML_TRUE='#'
HAVE_MAKEINFO_FALSE=''
HAVE_MAKEINFO_TRUE='#'
INSTALL_DATA='${INSTALL} -m 644'
INSTALL_PROGRAM='${INSTALL}'
INSTALL_SCRIPT='${INSTALL}'
INSTALL_STRIP_PROGRAM='$(install_sh) -c -s'
INTLLIBS=''
LDFLAGS=''
LIBICONV='-liconv'
LIBINTL=''
LIBOBJS=''
LIBS='-lz  -lncursesw '
LN_S='ln -s'
LTLIBICONV='-liconv'
LTLIBINTL=''
LTLIBOBJS=''
MAKEINFO='${SHELL} "/home/paragverma/Downloads/original nano/nano-2.4.2/missing" makeinfo'
MKDIR_P='/bin/mkdir -p'
MKINSTALLDIRS='./mkinstalldirs'
MSGFMT='/usr/bin/msgfmt'
MSGMERGE='/usr/bin/msgmerge'
NCURSESW_CFLAGS='-I/usr/include/ncursesw '
NCURSESW_CONFIG=''
NCURSESW_LIBS='-lncursesw '
NCURSES_CFLAGS=''
NCURSES_LIBS=''
OBJEXT='o'
PACKAGE='nano'
PACKAGE_BUGREPORT='nano-devel@gnu.org'
PACKAGE_NAME='GNU nano'
PACKAGE_STRING='GNU nano 2.4.2'
PACKAGE_TARNAME='nano'
PACKAGE_URL='http://www.gnu.org/software/nano/'
PACKAGE_VERSION='2.4.2'
PATH_SEPARATOR=':'
PKGDATADIR='/usr/local/share/nano'
PKG_CONFIG='/usr/bin/pkg-config'
PKG_CONFIG_LIBDIR=''
PKG_CONFIG_PATH=''
POSUB='po'
SET_MAKE=''
SHELL='/bin/bash'
STRIP=''
USE_COLOR_FALSE='#'
USE_COLOR_TRUE=''
USE_NANORC_FALSE='#'
USE_NANORC_TRUE=''
USE_NLS='yes'
USE_NLS_FALSE='#'
USE_NLS_TRUE=''
VERSION='2.4.2'
XGETTEXT='/usr/bin/xgettext'
ac_ct_CC='gcc'
am__EXEEXT_FALSE=''
am__EXEEXT_TRUE='#'
am__fastdepCC_FALSE='#'
am__fastdepCC_TRUE=''
am__include='include'
am__isrc=''
am__leading_dot='.'
am__nodep='_no'
am__quote=''
am__tar='$${TAR-tar} chof - "$$tardir"'
am__untar='$${TAR-tar} xf -'
bindir='${exec_prefix}/bin'
build='x86_64-unknown-linux-gnu'
build_alias=''
build_cpu='x86_64'
build_os='linux-gnu'
build_vendor='unknown'
datadir='${datarootdir}'
datarootdir='${prefix}/share'
docdir='${datarootdir}/doc/${PACKAGE_TARNAME}'
dvidir='${docdir}'
exec_prefix='${prefix}'
haveit='no'
host='x86_64-unknown-linux-gnu'
host_alias=''
host_cpu='x86_64'
host_os='linux-gnu'
host_vendor='unknown'
htmldir='${docdir}'
includedir='${prefix}/include'
infodir='${datarootdir}/info'
install_sh='${SHELL} '\''/home/paragverma/Downloads/original nano/nano-2.4.2/install-sh'\'''
libdir='${exec_prefix}/lib'
libexecdir='${exec_prefix}/libexec'
localedir='${datarootdir}/locale'
localstatedir='${prefix}/var'
mandir='${datarootdir}/man'
mkdir_p='$(MKDIR_P)'
oldincludedir='/usr/include'
pdfdir='${docdir}'
prefix='/usr/local'
program_transform_name='s,x,x,'
psdir='${docdir}'
sbindir='${exec_prefix}/sbin'
sharedstatedir='${prefix}/com'
sysconfdir='${prefix}/etc'
target_alias=''

## ----------- ##
## confdefs.h. ##
## ----------- ##

/* confdefs.h */
#define PACKAGE_NAME "GNU nano"
#define PACKAGE_TARNAME "nano"
#define PACKAGE_VERSION "2.4.2"
#define PACKAGE_STRING "GNU nano 2.4.2"
#define PACKAGE_BUGREPORT "nano-devel@gnu.org"
#define PACKAGE_URL "http://www.gnu.org/software/nano/"
#define PACKAGE "nano"
#define VERSION "2.4.2"
#define STDC_HEADERS 1
#define HAVE_SYS_TYPES_H 1
#define HAVE_SYS_STAT_H 1
#define HAVE_STDLIB_H 1
#define HAVE_STRING_H 1
#define HAVE_MEMORY_H 1
#define HAVE_STRINGS_H 1
#define HAVE_INTTYPES_H 1
#define HAVE_STDINT_H 1
#define HAVE_UNISTD_H 1
#define __EXTENSIONS__ 1
#define _ALL_SOURCE 1
#define _GNU_SOURCE 1
#define _POSIX_PTHREAD_SEMANTICS 1
#define _TANDEM_SOURCE 1
#define ENABLE_NLS 1
#define HAVE_GETTEXT 1
#define HAVE_DCGETTEXT 1
#define PKGDATADIR "/usr/local/share/nano"
#define HAVE_GETOPT_H 1
#define HAVE_LIBINTL_H 1
#define HAVE_LIMITS_H 1
#define HAVE_REGEX_H 1
#define HAVE_SYS_PARAM_H 1
#define HAVE_WCHAR_H 1
#define HAVE_WCTYPE_H 1
#define HAVE_STDARG_H 1
#define NDEBUG 1
#define HAVE_GETDELIM 1
#define HAVE_GETLINE 1
#define HAVE_ISBLANK 1
#define HAVE_STRCASECMP 1
#define HAVE_STRCASESTR 1
#define HAVE_STRNCASECMP 1
#define HAVE_STRNLEN 1
#define HAVE_SNPRINTF 1
#define HAVE_VSNPRINTF 1
#define HAVE_ISWALNUM 1
#define HAVE_ISWBLANK 1
#define HAVE_ISWPUNCT 1
#define HAVE_ISWSPACE 1
#define HAVE_NL_LANGINFO 1
#define HAVE_MBLEN 1
#define HAVE_MBSTOWCS 1
#define HAVE_MBTOWC 1
#define HAVE_WCTOMB 1
#define HAVE_WCWIDTH 1
#define RETSIGTYPE void
#define HAVE_VPRINTF 1
#define HAVE_GETOPT_LONG 1
#define HAVE_USE_DEFAULT_COLORS 1
#define ENABLE_UTF8 1
#define GNU_WORDBOUNDS 1
#define REDEFINING_MACROS_OK 1
#define HAVE_ZLIB_H 1
#define HAVE_LIBZ 1

configure: exit 0
